17:26:50.930 [main] DEBUG com.intuit.karate.Suite - [config] classpath:karate-config.js
17:26:51.447 [main] INFO  com.intuit.karate - karate.env system property is: development 
17:26:51.642 [main] DEBUG com.intuit.karate - request:
1 > POST https://jsonplaceholder.typicode.com/posts
1 > Content-Type: application/json; charset=UTF-8
1 > Content-Length: 57
1 > Host: jsonplaceholder.typicode.com
1 > Connection: Keep-Alive
1 > User-Agent: Apache-HttpClient/4.5.13 (Java/11.0.18)
1 > Accept-Encoding: gzip,deflate
{"title":"recommendation","body":"motorcycle","userId":2}

17:26:52.845 [main] DEBUG com.intuit.karate - response time in milliseconds: 1201
1 < 201
1 < Date: Wed, 22 Mar 2023 10:26:52 GMT
1 < Content-Type: application/json; charset=utf-8
1 < Content-Length: 83
1 < Connection: keep-alive
1 < X-Powered-By: Express
1 < X-Ratelimit-Limit: 1000
1 < X-Ratelimit-Remaining: 999
1 < X-Ratelimit-Reset: 1679480840
1 < Vary: Origin, X-HTTP-Method-Override, Accept-Encoding
1 < Access-Control-Allow-Credentials: true
1 < Cache-Control: no-cache
1 < Pragma: no-cache
1 < Expires: -1
1 < Access-Control-Expose-Headers: Location
1 < Location: http://jsonplaceholder.typicode.com/posts/101
1 < X-Content-Type-Options: nosniff
1 < Etag: W/"53-+4BC62EnAE9ED1Uh/AbO/kHZNH4"
1 < Via: 1.1 vegur
1 < CF-Cache-Status: DYNAMIC
1 < Server-Timing: cf-q-config;dur=7.9999990703072e-06
1 < Report-To: {"endpoints":[{"url":"https:\/\/a.nel.cloudflare.com\/report\/v3?s=b5U8jKPIWSmT7ZQPSFCwxNT5MU2ZUYjRLGL7aJ3dAxZEY7wSgK5SidZH7f%2FQUGqBpABxkLEE5iXy5CoxH%2Fk5Wbzs3JiT%2BxMxxok0U1%2F8xDADGWZkPZXDuRFhn5Q%2BdHRIVJxqLN7MJzf2VuKf2stl"}],"group":"cf-nel","max_age":604800}
1 < NEL: {"success_fraction":0,"report_to":"cf-nel","max_age":604800}
1 < Server: cloudflare
1 < CF-RAY: 7abdbd24ff2d4014-SIN
1 < alt-svc: h3=":443"; ma=86400, h3-29=":443"; ma=86400
{
  "title": "recommendation",
  "body": "motorcycle",
  "userId": 2,
  "id": 101
}
